2014-05-13 22:33:22,943 INFO - root - Initialising application
2014-05-13 22:33:22,965 INFO - root - Initialise global hotkeys
2014-05-13 22:33:22,966 INFO - config-manager - No configuration found - creating new one
2014-05-13 22:33:23,038 INFO - config-manager - Configuration changed - rebuilding in-memory structures
2014-05-13 22:33:23,039 INFO - config-manager - Persisting configuration
2014-05-13 22:33:23,039 INFO - config-manager - Finished persisting configuration - no errors
2014-05-13 22:33:23,040 INFO - service - Starting service
2014-05-13 22:33:23,118 INFO - interface - XRecord interface thread starting
2014-05-13 22:33:23,119 INFO - service - Service now marked as running
2014-05-13 22:33:23,201 INFO - root - Displaying configuration window
2014-05-13 22:33:23,622 INFO - root - Entering main()
2014-05-13 22:34:22,156 INFO - config-manager - Configuration changed - rebuilding in-memory structures
2014-05-13 22:35:57,595 INFO - root - Displaying configuration window
2014-05-13 22:36:00,233 INFO - config-manager - Configuration changed - rebuilding in-memory structures
2014-05-13 22:36:22,518 ERROR - interface - Error in X event loop thread
Traceback (most recent call last):
  File "/usr/lib/python2.7/dist-packages/autokey/interface.py", line 116, in __eventLoop
    method(*args)
  File "/usr/lib/python2.7/dist-packages/autokey/interface.py", line 578, in __sendString
    self.__checkWorkaroundNeeded()
  File "/usr/lib/python2.7/dist-packages/autokey/interface.py", line 863, in __checkWorkaroundNeeded
    w = self.app.configManager.workAroundApps
AttributeError: ConfigManager instance has no attribute 'workAroundApps'
2014-05-13 22:36:31,564 ERROR - interface - Error in X event loop thread
Traceback (most recent call last):
  File "/usr/lib/python2.7/dist-packages/autokey/interface.py", line 116, in __eventLoop
    method(*args)
  File "/usr/lib/python2.7/dist-packages/autokey/interface.py", line 578, in __sendString
    self.__checkWorkaroundNeeded()
  File "/usr/lib/python2.7/dist-packages/autokey/interface.py", line 863, in __checkWorkaroundNeeded
    w = self.app.configManager.workAroundApps
AttributeError: ConfigManager instance has no attribute 'workAroundApps'
2014-05-13 22:36:36,694 ERROR - interface - Error in X event loop thread
Traceback (most recent call last):
  File "/usr/lib/python2.7/dist-packages/autokey/interface.py", line 116, in __eventLoop
    method(*args)
  File "/usr/lib/python2.7/dist-packages/autokey/interface.py", line 578, in __sendString
    self.__checkWorkaroundNeeded()
  File "/usr/lib/python2.7/dist-packages/autokey/interface.py", line 863, in __checkWorkaroundNeeded
    w = self.app.configManager.workAroundApps
AttributeError: ConfigManager instance has no attribute 'workAroundApps'
2014-05-13 22:37:39,305 ERROR - interface - Error in X event loop thread
Traceback (most recent call last):
  File "/usr/lib/python2.7/dist-packages/autokey/interface.py", line 116, in __eventLoop
    method(*args)
  File "/usr/lib/python2.7/dist-packages/autokey/interface.py", line 578, in __sendString
    self.__checkWorkaroundNeeded()
  File "/usr/lib/python2.7/dist-packages/autokey/interface.py", line 863, in __checkWorkaroundNeeded
    w = self.app.configManager.workAroundApps
AttributeError: ConfigManager instance has no attribute 'workAroundApps'
2014-05-13 22:37:45,516 INFO - config-manager - Configuration changed - rebuilding in-memory structures
2014-05-13 22:38:01,333 INFO - root - Shutting down
2014-05-13 22:38:01,334 INFO - service - Service shutting down
2014-05-13 22:38:01,339 INFO - config-manager - Persisting configuration
2014-05-13 22:38:01,339 INFO - config-manager - Backing up existing config file
2014-05-13 22:38:01,340 INFO - config-manager - Finished persisting configuration - no errors
2014-05-13 22:38:01,835 INFO - inotify - Shutting down file monitor
2014-05-13 22:38:04,869 INFO - root - Initialising application
2014-05-13 22:38:04,874 INFO - root - Initialise global hotkeys
2014-05-13 22:38:04,874 INFO - config-manager - Loading config from existing file: /home/dclong/.config/autokey/autokey.json
2014-05-13 22:38:04,877 INFO - config-manager - Configuration changed - rebuilding in-memory structures
2014-05-13 22:38:04,877 INFO - config-manager - Successfully loaded configuration
2014-05-13 22:38:04,878 INFO - service - Starting service
2014-05-13 22:38:04,919 INFO - interface - XRecord interface thread starting
2014-05-13 22:38:04,921 INFO - service - Service now marked as running
2014-05-13 22:38:04,944 INFO - root - Entering main()
2014-05-13 22:38:14,988 INFO - root - Displaying configuration window
2014-05-13 22:38:52,937 INFO - config-manager - Configuration changed - rebuilding in-memory structures
2014-05-13 22:38:52,967 INFO - config-manager - Configuration changed - rebuilding in-memory structures
2014-05-13 22:38:52,968 INFO - config-manager - Persisting configuration
2014-05-13 22:38:52,968 INFO - config-manager - Backing up existing config file
2014-05-13 22:38:52,969 INFO - config-manager - Finished persisting configuration - no errors
2014-05-13 22:39:29,864 INFO - root - Displaying configuration window
2014-05-13 22:40:06,118 INFO - config-manager - Configuration changed - rebuilding in-memory structures
2014-05-13 22:40:06,154 INFO - config-manager - Configuration changed - rebuilding in-memory structures
2014-05-13 22:40:06,155 INFO - config-manager - Persisting configuration
2014-05-13 22:40:06,155 INFO - config-manager - Backing up existing config file
2014-05-13 22:40:06,156 INFO - config-manager - Finished persisting configuration - no errors
2014-05-13 22:41:07,484 INFO - root - Displaying configuration window
2014-05-13 22:41:30,163 INFO - config-manager - Configuration changed - rebuilding in-memory structures
2014-05-13 22:43:00,307 INFO - config-manager - Configuration changed - rebuilding in-memory structures
2014-05-13 22:43:00,309 INFO - root - Shutting down
2014-05-13 22:43:00,310 INFO - service - Service shutting down
2014-05-13 22:43:01,222 INFO - config-manager - Persisting configuration
2014-05-13 22:43:01,222 INFO - config-manager - Backing up existing config file
2014-05-13 22:43:01,224 INFO - config-manager - Finished persisting configuration - no errors
2014-05-13 22:43:02,225 INFO - inotify - Shutting down file monitor
2014-05-13 22:43:06,216 INFO - root - Initialising application
2014-05-13 22:43:06,221 INFO - root - Initialise global hotkeys
2014-05-13 22:43:06,222 INFO - config-manager - Loading config from existing file: /home/dclong/.config/autokey/autokey.json
2014-05-13 22:43:06,224 INFO - config-manager - Configuration changed - rebuilding in-memory structures
2014-05-13 22:43:06,225 INFO - config-manager - Successfully loaded configuration
2014-05-13 22:43:06,225 INFO - service - Starting service
2014-05-13 22:43:06,267 INFO - interface - XRecord interface thread starting
2014-05-13 22:43:06,268 INFO - service - Service now marked as running
2014-05-13 22:43:06,292 INFO - root - Entering main()
2014-05-13 22:43:28,637 INFO - root - Displaying configuration window
2014-05-13 22:43:28,835 INFO - root - Displaying configuration window
2014-05-13 22:43:45,588 INFO - config-manager - Configuration changed - rebuilding in-memory structures
2014-05-13 22:43:45,610 INFO - config-manager - Configuration changed - rebuilding in-memory structures
2014-05-13 22:43:45,611 INFO - config-manager - Persisting configuration
2014-05-13 22:43:45,611 INFO - config-manager - Backing up existing config file
2014-05-13 22:43:45,612 INFO - config-manager - Finished persisting configuration - no errors
2014-05-13 22:43:52,182 INFO - root - Shutting down
2014-05-13 22:43:52,183 INFO - service - Service shutting down
2014-05-13 22:43:53,184 INFO - config-manager - Persisting configuration
2014-05-13 22:43:53,184 INFO - config-manager - Backing up existing config file
2014-05-13 22:43:53,186 INFO - config-manager - Finished persisting configuration - no errors
2014-05-13 22:43:54,188 INFO - inotify - Shutting down file monitor
2014-05-13 22:43:58,636 INFO - root - Initialising application
2014-05-13 22:43:58,641 INFO - root - Initialise global hotkeys
2014-05-13 22:43:58,641 INFO - config-manager - Loading config from existing file: /home/dclong/.config/autokey/autokey.json
2014-05-13 22:43:58,644 INFO - config-manager - Configuration changed - rebuilding in-memory structures
2014-05-13 22:43:58,644 INFO - config-manager - Successfully loaded configuration
2014-05-13 22:43:58,645 INFO - service - Starting service
2014-05-13 22:43:58,688 INFO - interface - XRecord interface thread starting
2014-05-13 22:43:58,688 INFO - service - Service now marked as running
2014-05-13 22:43:58,712 INFO - root - Entering main()
2014-05-13 22:44:06,240 INFO - root - Displaying configuration window
2014-05-13 22:44:24,294 INFO - config-manager - Configuration changed - rebuilding in-memory structures
2014-05-13 22:44:24,326 INFO - config-manager - Configuration changed - rebuilding in-memory structures
2014-05-13 22:44:24,327 INFO - config-manager - Persisting configuration
2014-05-13 22:44:24,327 INFO - config-manager - Backing up existing config file
2014-05-13 22:44:24,328 INFO - config-manager - Finished persisting configuration - no errors
2014-05-16 23:39:45,944 INFO - root - Initialising application
2014-05-16 23:39:45,969 INFO - root - Initialise global hotkeys
2014-05-16 23:39:45,969 INFO - config-manager - Loading config from existing file: /home/dclong/.config/autokey/autokey.json
2014-05-16 23:39:46,107 INFO - config-manager - Configuration changed - rebuilding in-memory structures
2014-05-16 23:39:46,108 INFO - config-manager - Successfully loaded configuration
2014-05-16 23:39:46,108 INFO - service - Starting service
2014-05-16 23:39:46,216 INFO - interface - XRecord interface thread starting
2014-05-16 23:39:46,217 INFO - service - Service now marked as running
2014-05-16 23:39:46,299 INFO - root - Entering main()
2014-05-16 23:43:15,609 INFO - root - Displaying configuration window
2014-05-16 23:45:50,698 INFO - root - Displaying configuration window
2014-05-16 23:49:27,907 INFO - config-manager - Configuration changed - rebuilding in-memory structures
2014-05-16 23:53:11,575 INFO - service - Matched hotkey phrase/script with prompt=False
2014-05-16 23:59:25,758 INFO - config-manager - Configuration changed - rebuilding in-memory structures
2014-05-16 23:59:25,794 INFO - config-manager - Configuration changed - rebuilding in-memory structures
2014-05-16 23:59:25,795 INFO - config-manager - Persisting configuration
2014-05-16 23:59:25,795 INFO - config-manager - Backing up existing config file
2014-05-16 23:59:25,796 INFO - config-manager - Finished persisting configuration - no errors
2014-05-16 23:59:31,636 INFO - root - Shutting down
2014-05-16 23:59:31,636 INFO - service - Service shutting down
2014-05-16 23:59:32,064 INFO - config-manager - Persisting configuration
2014-05-16 23:59:32,064 INFO - config-manager - Backing up existing config file
2014-05-16 23:59:32,064 INFO - config-manager - Finished persisting configuration - no errors
2014-05-16 23:59:32,138 INFO - inotify - Shutting down file monitor
2014-05-16 23:59:34,929 INFO - root - Initialising application
2014-05-16 23:59:34,934 INFO - root - Initialise global hotkeys
2014-05-16 23:59:34,934 INFO - config-manager - Loading config from existing file: /home/dclong/.config/autokey/autokey.json
2014-05-16 23:59:34,937 INFO - config-manager - Configuration changed - rebuilding in-memory structures
2014-05-16 23:59:34,937 INFO - config-manager - Successfully loaded configuration
2014-05-16 23:59:34,937 INFO - service - Starting service
2014-05-16 23:59:34,980 INFO - interface - XRecord interface thread starting
2014-05-16 23:59:34,980 INFO - service - Service now marked as running
2014-05-16 23:59:35,015 INFO - root - Entering main()
2014-05-17 00:00:41,297 INFO - root - Displaying configuration window
2014-05-17 00:01:36,249 INFO - config-manager - Configuration changed - rebuilding in-memory structures
2014-05-17 00:01:36,252 INFO - root - Shutting down
2014-05-17 00:01:36,253 INFO - service - Service shutting down
2014-05-17 00:01:58,367 INFO - root - Displaying configuration window
2014-05-17 00:10:38,972 INFO - root - Displaying configuration window
2014-05-17 00:11:29,022 INFO - root - Initialising application
2014-05-17 00:11:29,027 INFO - root - Initialise global hotkeys
2014-05-17 00:11:29,027 INFO - config-manager - Loading config from existing file: /home/dclong/.config/autokey/autokey.json
2014-05-17 00:11:29,030 INFO - config-manager - Configuration changed - rebuilding in-memory structures
2014-05-17 00:11:29,030 INFO - config-manager - Successfully loaded configuration
2014-05-17 00:11:29,030 INFO - service - Starting service
2014-05-17 00:11:29,072 INFO - interface - XRecord interface thread starting
2014-05-17 00:11:29,073 INFO - service - Service now marked as running
2014-05-17 00:11:29,101 INFO - root - Entering main()
2014-05-17 00:12:01,762 INFO - service - Matched hotkey phrase/script with prompt=False
2014-05-17 00:12:24,846 INFO - service - Matched hotkey phrase/script with prompt=False
2014-05-17 00:12:25,688 INFO - service - Matched hotkey phrase/script with prompt=False
2014-05-17 00:12:26,233 INFO - service - Matched hotkey phrase/script with prompt=False
2014-05-17 00:12:26,739 INFO - service - Matched hotkey phrase/script with prompt=False
2014-05-17 00:13:29,814 INFO - root - Displaying configuration window
2014-05-17 00:43:31,608 INFO - root - Displaying configuration window
2014-05-17 00:43:46,647 INFO - root - Displaying configuration window
2014-05-17 00:43:52,059 INFO - root - Displaying configuration window
2014-05-17 00:43:52,251 INFO - root - Displaying configuration window
2014-05-17 00:45:21,715 INFO - root - Initialising application
2014-05-17 00:45:21,720 INFO - root - Initialise global hotkeys
2014-05-17 00:45:21,720 INFO - config-manager - Loading config from existing file: /home/dclong/.config/autokey/autokey.json
2014-05-17 00:45:21,723 INFO - config-manager - Configuration changed - rebuilding in-memory structures
2014-05-17 00:45:21,723 INFO - config-manager - Successfully loaded configuration
2014-05-17 00:45:21,723 INFO - service - Starting service
2014-05-17 00:45:21,770 INFO - interface - XRecord interface thread starting
2014-05-17 00:45:21,771 INFO - service - Service now marked as running
2014-05-17 00:45:21,802 INFO - root - Entering main()
2014-05-17 00:45:36,517 INFO - root - Displaying configuration window
2014-05-17 00:46:01,585 INFO - root - Shutting down
2014-05-17 00:46:01,586 INFO - service - Service shutting down
2014-05-17 00:46:02,590 INFO - config-manager - Persisting configuration
2014-05-17 00:46:02,590 INFO - config-manager - Backing up existing config file
2014-05-17 00:46:02,592 INFO - config-manager - Finished persisting configuration - no errors
2014-05-17 00:46:03,594 INFO - inotify - Shutting down file monitor
2014-05-17 00:46:06,140 INFO - root - Initialising application
2014-05-17 00:46:06,146 INFO - root - Initialise global hotkeys
2014-05-17 00:46:06,146 INFO - config-manager - Loading config from existing file: /home/dclong/.config/autokey/autokey.json
2014-05-17 00:46:06,149 INFO - config-manager - Configuration changed - rebuilding in-memory structures
2014-05-17 00:46:06,149 INFO - config-manager - Successfully loaded configuration
2014-05-17 00:46:06,149 INFO - service - Starting service
2014-05-17 00:46:06,192 INFO - interface - XRecord interface thread starting
2014-05-17 00:46:06,194 INFO - service - Service now marked as running
2014-05-17 00:46:06,219 INFO - root - Entering main()
2014-05-17 00:46:09,486 INFO - root - Displaying configuration window
2014-05-17 00:46:25,810 INFO - config-manager - Configuration changed - rebuilding in-memory structures
2014-05-17 00:46:25,810 INFO - config-manager - Persisting configuration
2014-05-17 00:46:25,811 INFO - config-manager - Backing up existing config file
2014-05-17 00:46:25,812 INFO - config-manager - Finished persisting configuration - no errors
2014-05-17 00:46:40,748 INFO - root - Displaying configuration window
2014-05-17 00:47:52,353 INFO - config-manager - Configuration changed - rebuilding in-memory structures
2014-05-17 00:47:52,354 INFO - config-manager - Persisting configuration
2014-05-17 00:47:52,354 INFO - config-manager - Backing up existing config file
2014-05-17 00:47:52,354 INFO - config-manager - Finished persisting configuration - no errors
2014-05-17 00:47:56,202 INFO - root - Shutting down
2014-05-17 00:47:56,202 INFO - service - Service shutting down
2014-05-17 00:47:56,333 INFO - config-manager - Persisting configuration
2014-05-17 00:47:56,333 INFO - config-manager - Backing up existing config file
2014-05-17 00:47:56,334 INFO - config-manager - Finished persisting configuration - no errors
2014-05-17 00:47:56,704 INFO - inotify - Shutting down file monitor
2014-05-17 00:48:00,327 INFO - root - Initialising application
2014-05-17 00:48:00,332 INFO - root - Initialise global hotkeys
2014-05-17 00:48:00,332 INFO - config-manager - Loading config from existing file: /home/dclong/.config/autokey/autokey.json
2014-05-17 00:48:00,335 INFO - config-manager - Configuration changed - rebuilding in-memory structures
2014-05-17 00:48:00,336 INFO - config-manager - Successfully loaded configuration
2014-05-17 00:48:00,336 INFO - service - Starting service
2014-05-17 00:48:00,379 INFO - interface - XRecord interface thread starting
2014-05-17 00:48:00,380 INFO - service - Service now marked as running
2014-05-17 00:48:00,403 INFO - root - Entering main()
2014-05-17 00:48:45,909 INFO - root - Displaying configuration window
2014-05-17 01:01:53,568 INFO - service - Pausing - service now marked as stopped
2014-05-17 01:01:54,868 INFO - service - Unpausing - service now marked as running
2014-05-17 01:02:14,425 INFO - root - Displaying configuration window
2014-05-17 01:02:18,340 INFO - config-manager - Configuration changed - rebuilding in-memory structures
2014-05-17 01:02:18,340 INFO - config-manager - Persisting configuration
2014-05-17 01:02:18,340 INFO - config-manager - Backing up existing config file
2014-05-17 01:02:18,341 INFO - config-manager - Finished persisting configuration - no errors
2014-05-17 01:02:19,855 INFO - root - Displaying configuration window
2014-05-17 01:02:21,935 INFO - config-manager - Configuration changed - rebuilding in-memory structures
2014-05-17 01:02:21,935 INFO - config-manager - Persisting configuration
2014-05-17 01:02:21,936 INFO - config-manager - Backing up existing config file
2014-05-17 01:02:21,936 INFO - config-manager - Finished persisting configuration - no errors
2014-05-17 01:02:33,966 INFO - service - Pausing - service now marked as stopped
2014-05-17 01:03:07,412 INFO - root - Shutting down
2014-05-17 01:03:07,413 INFO - service - Service shutting down
2014-05-17 01:03:08,414 INFO - config-manager - Persisting configuration
2014-05-17 01:03:08,414 INFO - config-manager - Backing up existing config file
2014-05-17 01:03:08,415 INFO - config-manager - Finished persisting configuration - no errors
2014-05-17 01:03:09,417 INFO - inotify - Shutting down file monitor
2014-05-17 09:26:36,474 INFO - root - Initialising application
2014-05-17 09:26:36,568 INFO - root - Initialise global hotkeys
2014-05-17 09:26:36,568 INFO - config-manager - Loading config from existing file: /home/dclong/.config/autokey/autokey.json
2014-05-17 09:26:38,094 INFO - config-manager - Configuration changed - rebuilding in-memory structures
2014-05-17 09:26:38,095 INFO - config-manager - Successfully loaded configuration
2014-05-17 09:26:38,095 INFO - service - Starting service
2014-05-17 09:26:38,569 INFO - interface - XRecord interface thread starting
2014-05-17 09:26:38,569 INFO - service - Service now marked as running
2014-05-17 09:26:38,910 INFO - root - Entering main()
2014-05-17 18:46:17,172 INFO - root - Initialising application
2014-05-17 18:46:17,178 INFO - root - Initialise global hotkeys
2014-05-17 18:46:17,178 INFO - config-manager - Loading config from existing file: /home/dclong/.config/autokey/autokey.json
2014-05-17 18:46:17,181 INFO - config-manager - Configuration changed - rebuilding in-memory structures
2014-05-17 18:46:17,181 INFO - config-manager - Successfully loaded configuration
2014-05-17 18:46:17,182 INFO - service - Starting service
2014-05-17 18:46:17,252 INFO - interface - XRecord interface thread starting
2014-05-17 18:46:17,253 INFO - service - Service now marked as running
2014-05-17 18:46:17,332 INFO - root - Entering main()
2014-05-17 18:46:27,981 INFO - root - Displaying configuration window
2014-05-17 18:47:50,318 INFO - config-manager - Configuration changed - rebuilding in-memory structures
2014-05-17 18:47:50,319 INFO - config-manager - Persisting configuration
2014-05-17 18:47:50,319 INFO - config-manager - Backing up existing config file
2014-05-17 18:47:50,320 INFO - config-manager - Finished persisting configuration - no errors
2014-05-17 19:32:50,009 INFO - config-manager - Reloading global configuration
2014-05-17 19:32:50,010 INFO - config-manager - Configuration changed - rebuilding in-memory structures
2014-05-17 19:32:50,010 INFO - config-manager - Successfully reloaded global configuration
2014-05-18 09:07:44,298 INFO - root - Initialising application
2014-05-18 09:07:44,304 INFO - root - Initialise global hotkeys
2014-05-18 09:07:44,304 INFO - config-manager - Loading config from existing file: /home/dclong/.config/autokey/autokey.json
2014-05-18 09:07:45,016 INFO - config-manager - Configuration changed - rebuilding in-memory structures
2014-05-18 09:07:45,016 INFO - config-manager - Successfully loaded configuration
2014-05-18 09:07:45,016 INFO - service - Starting service
2014-05-18 09:07:45,342 INFO - interface - XRecord interface thread starting
2014-05-18 09:07:45,343 INFO - service - Service now marked as running
2014-05-18 09:07:45,490 INFO - root - Displaying configuration window
2014-05-18 09:07:48,693 INFO - root - Entering main()
2014-05-18 09:09:59,436 INFO - config-manager - Configuration changed - rebuilding in-memory structures
2014-05-18 09:09:59,436 INFO - config-manager - Persisting configuration
2014-05-18 09:09:59,437 INFO - config-manager - Backing up existing config file
2014-05-18 09:09:59,440 INFO - config-manager - Finished persisting configuration - no errors
2014-05-18 09:54:56,147 INFO - config-manager - Configuration changed - rebuilding in-memory structures
2014-05-18 09:54:56,148 INFO - config-manager - Persisting configuration
2014-05-18 09:54:56,148 INFO - config-manager - Backing up existing config file
2014-05-18 09:54:56,150 INFO - config-manager - Finished persisting configuration - no errors
2014-05-18 09:54:58,626 INFO - config-manager - Configuration changed - rebuilding in-memory structures
2014-05-18 09:54:58,626 INFO - config-manager - Persisting configuration
2014-05-18 09:54:58,626 INFO - config-manager - Backing up existing config file
2014-05-18 09:54:58,628 INFO - config-manager - Finished persisting configuration - no errors
2014-05-19 19:02:40,933 INFO - root - Initialising application
2014-05-19 19:02:40,971 INFO - root - Initialise global hotkeys
2014-05-19 19:02:40,972 INFO - config-manager - Loading config from existing file: /home/dclong/.config/autokey/autokey.json
2014-05-19 19:02:41,594 INFO - config-manager - Configuration changed - rebuilding in-memory structures
2014-05-19 19:02:41,595 INFO - config-manager - Successfully loaded configuration
2014-05-19 19:02:41,595 INFO - service - Starting service
2014-05-19 19:02:42,307 INFO - interface - XRecord interface thread starting
2014-05-19 19:02:42,307 INFO - service - Service now marked as running
2014-05-19 19:02:43,827 INFO - root - Entering main()
2014-05-19 19:38:09,794 INFO - root - Displaying configuration window
2014-05-19 19:40:36,619 INFO - config-manager - Configuration changed - rebuilding in-memory structures
2014-05-19 19:40:57,825 INFO - root - Shutting down
2014-05-19 19:40:57,825 INFO - service - Service shutting down
2014-05-19 19:40:58,420 INFO - config-manager - Persisting configuration
2014-05-19 19:40:58,421 INFO - config-manager - Backing up existing config file
2014-05-19 19:40:58,488 INFO - config-manager - Finished persisting configuration - no errors
2014-05-19 19:40:59,490 INFO - inotify - Shutting down file monitor
2014-05-19 19:41:03,679 INFO - root - Initialising application
2014-05-19 19:41:03,690 INFO - root - Initialise global hotkeys
2014-05-19 19:41:03,690 INFO - config-manager - Loading config from existing file: /home/dclong/.config/autokey/autokey.json
2014-05-19 19:41:03,743 INFO - config-manager - Configuration changed - rebuilding in-memory structures
2014-05-19 19:41:03,744 INFO - config-manager - Successfully loaded configuration
2014-05-19 19:41:03,744 INFO - service - Starting service
2014-05-19 19:41:03,845 INFO - interface - XRecord interface thread starting
2014-05-19 19:41:03,846 INFO - service - Service now marked as running
2014-05-19 19:41:03,882 INFO - root - Entering main()
2014-05-19 19:44:45,792 INFO - root - Displaying configuration window
2014-05-19 20:56:32,033 INFO - config-manager - Configuration changed - rebuilding in-memory structures
2014-05-19 21:02:23,836 INFO - config-manager - Configuration changed - rebuilding in-memory structures
2014-05-19 21:04:30,215 INFO - root - Displaying configuration window
2014-05-19 21:04:30,440 INFO - root - Displaying configuration window
2014-05-19 21:05:00,292 INFO - config-manager - Configuration changed - rebuilding in-memory structures
2014-05-19 21:05:05,919 INFO - config-manager - Configuration changed - rebuilding in-memory structures
2014-05-19 21:05:05,919 INFO - config-manager - Persisting configuration
2014-05-19 21:05:05,920 INFO - config-manager - Backing up existing config file
2014-05-19 21:05:05,953 INFO - config-manager - Finished persisting configuration - no errors
2014-05-19 21:05:13,144 INFO - root - Shutting down
2014-05-19 21:05:13,144 INFO - service - Service shutting down
2014-05-19 21:05:14,045 INFO - config-manager - Persisting configuration
2014-05-19 21:05:14,046 INFO - config-manager - Backing up existing config file
2014-05-19 21:05:14,046 INFO - config-manager - Finished persisting configuration - no errors
2014-05-19 21:05:14,146 INFO - inotify - Shutting down file monitor
2014-05-19 21:05:20,987 INFO - root - Initialising application
2014-05-19 21:05:20,993 INFO - root - Initialise global hotkeys
2014-05-19 21:05:20,993 INFO - config-manager - Loading config from existing file: /home/dclong/.config/autokey/autokey.json
2014-05-19 21:05:21,040 INFO - config-manager - Configuration changed - rebuilding in-memory structures
2014-05-19 21:05:21,041 INFO - config-manager - Successfully loaded configuration
2014-05-19 21:05:21,041 INFO - service - Starting service
2014-05-19 21:05:21,134 INFO - interface - XRecord interface thread starting
2014-05-19 21:05:21,135 INFO - service - Service now marked as running
2014-05-19 21:05:21,180 INFO - root - Entering main()
2014-05-19 21:05:33,890 INFO - root - Displaying configuration window
2014-05-19 21:06:25,042 INFO - config-manager - Configuration changed - rebuilding in-memory structures
2014-05-19 21:06:28,691 INFO - config-manager - Configuration changed - rebuilding in-memory structures
2014-05-19 21:06:28,692 INFO - config-manager - Persisting configuration
2014-05-19 21:06:28,692 INFO - config-manager - Backing up existing config file
2014-05-19 21:06:28,693 INFO - config-manager - Finished persisting configuration - no errors
2014-05-19 21:06:33,490 INFO - root - Shutting down
2014-05-19 21:06:33,490 INFO - service - Service shutting down
2014-05-19 21:06:33,533 INFO - config-manager - Persisting configuration
2014-05-19 21:06:33,533 INFO - config-manager - Backing up existing config file
2014-05-19 21:06:33,534 INFO - config-manager - Finished persisting configuration - no errors
2014-05-19 21:06:33,992 INFO - inotify - Shutting down file monitor
2014-05-19 21:06:39,411 INFO - root - Initialising application
2014-05-19 21:06:39,418 INFO - root - Initialise global hotkeys
2014-05-19 21:06:39,418 INFO - config-manager - Loading config from existing file: /home/dclong/.config/autokey/autokey.json
2014-05-19 21:06:39,421 INFO - config-manager - Configuration changed - rebuilding in-memory structures
2014-05-19 21:06:39,421 INFO - config-manager - Successfully loaded configuration
2014-05-19 21:06:39,422 INFO - service - Starting service
2014-05-19 21:06:39,466 INFO - interface - XRecord interface thread starting
2014-05-19 21:06:39,467 INFO - service - Service now marked as running
2014-05-19 21:06:39,493 INFO - root - Entering main()
2014-05-19 21:13:52,162 INFO - root - Displaying configuration window
2014-05-19 21:15:17,972 INFO - config-manager - Configuration changed - rebuilding in-memory structures
2014-05-19 22:48:45,161 INFO - config-manager - Configuration changed - rebuilding in-memory structures
2014-05-19 22:48:45,162 INFO - config-manager - Persisting configuration
2014-05-19 22:48:45,162 INFO - config-manager - Backing up existing config file
2014-05-19 22:48:45,163 INFO - config-manager - Finished persisting configuration - no errors
2014-05-19 22:48:58,856 INFO - root - Shutting down
2014-05-19 22:48:58,857 INFO - service - Service shutting down
2014-05-19 22:48:59,758 INFO - config-manager - Persisting configuration
2014-05-19 22:48:59,758 INFO - config-manager - Backing up existing config file
2014-05-19 22:48:59,759 INFO - config-manager - Finished persisting configuration - no errors
2014-05-19 22:48:59,859 INFO - inotify - Shutting down file monitor
2014-05-19 23:42:20,954 INFO - root - Initialising application
2014-05-19 23:42:20,959 INFO - root - Initialise global hotkeys
2014-05-19 23:42:20,959 INFO - config-manager - Loading config from existing file: /home/dclong/.config/autokey/autokey.json
2014-05-19 23:42:20,962 INFO - config-manager - Configuration changed - rebuilding in-memory structures
2014-05-19 23:42:20,963 INFO - config-manager - Successfully loaded configuration
2014-05-19 23:42:20,963 INFO - service - Starting service
2014-05-19 23:42:21,058 INFO - interface - XRecord interface thread starting
2014-05-19 23:42:21,058 INFO - service - Service now marked as running
2014-05-19 23:42:21,115 INFO - root - Entering main()
2014-05-20 19:37:40,204 INFO - root - Initialising application
2014-05-20 19:37:40,319 INFO - root - Initialise global hotkeys
2014-05-20 19:37:40,320 INFO - config-manager - Loading config from existing file: /home/dclong/.config/autokey/autokey.json
2014-05-20 19:37:42,431 INFO - config-manager - Configuration changed - rebuilding in-memory structures
2014-05-20 19:37:42,432 INFO - config-manager - Successfully loaded configuration
2014-05-20 19:37:42,432 INFO - service - Starting service
2014-05-20 19:37:42,744 INFO - interface - XRecord interface thread starting
2014-05-20 19:37:42,746 INFO - service - Service now marked as running
2014-05-20 19:37:43,120 INFO - root - Entering main()
2014-05-22 19:41:50,444 INFO - root - Initialising application
2014-05-22 19:41:50,476 INFO - root - Initialise global hotkeys
2014-05-22 19:41:50,477 INFO - config-manager - Loading config from existing file: /home/dclong/.config/autokey/autokey.json
2014-05-22 19:41:51,647 INFO - config-manager - Configuration changed - rebuilding in-memory structures
2014-05-22 19:41:51,648 INFO - config-manager - Successfully loaded configuration
2014-05-22 19:41:51,648 INFO - service - Starting service
2014-05-22 19:41:52,057 INFO - interface - XRecord interface thread starting
2014-05-22 19:41:52,058 INFO - service - Service now marked as running
2014-05-22 19:41:52,612 INFO - root - Entering main()
2014-05-23 07:56:40,642 INFO - root - Initialising application
2014-05-23 07:56:40,763 INFO - root - Initialise global hotkeys
2014-05-23 07:56:40,763 INFO - config-manager - Loading config from existing file: /home/dclong/.config/autokey/autokey.json
2014-05-23 07:56:42,585 INFO - config-manager - Configuration changed - rebuilding in-memory structures
2014-05-23 07:56:42,586 INFO - config-manager - Successfully loaded configuration
2014-05-23 07:56:42,586 INFO - service - Starting service
2014-05-23 07:56:43,123 INFO - interface - XRecord interface thread starting
2014-05-23 07:56:43,124 INFO - service - Service now marked as running
2014-05-23 07:56:44,129 INFO - root - Entering main()
2014-05-27 20:38:30,265 INFO - root - Initialising application
2014-05-27 20:38:30,295 INFO - root - Initialise global hotkeys
2014-05-27 20:38:30,295 INFO - config-manager - Loading config from existing file: /home/dclong/.config/autokey/autokey.json
2014-05-27 20:38:31,536 INFO - config-manager - Configuration changed - rebuilding in-memory structures
2014-05-27 20:38:31,537 INFO - config-manager - Successfully loaded configuration
2014-05-27 20:38:31,537 INFO - service - Starting service
2014-05-27 20:38:31,965 INFO - interface - XRecord interface thread starting
2014-05-27 20:38:31,966 INFO - service - Service now marked as running
2014-05-27 20:38:32,358 INFO - root - Entering main()
2014-05-27 20:41:23,615 INFO - config-manager - Reloading global configuration
2014-05-27 20:41:23,616 INFO - config-manager - Configuration changed - rebuilding in-memory structures
2014-05-27 20:41:23,616 INFO - config-manager - Successfully reloaded global configuration
2014-05-28 16:18:06,989 INFO - root - Initialising application
2014-05-28 16:18:07,195 INFO - root - Initialise global hotkeys
2014-05-28 16:18:07,276 INFO - config-manager - Loading config from existing file: /home/dclong/.config/autokey/autokey.json
2014-05-28 16:18:09,149 INFO - config-manager - Configuration changed - rebuilding in-memory structures
2014-05-28 16:18:11,490 INFO - config-manager - Successfully loaded configuration
2014-05-28 16:18:11,490 INFO - service - Starting service
2014-05-28 16:18:20,132 INFO - interface - XRecord interface thread starting
2014-05-28 16:18:20,134 INFO - service - Service now marked as running
2014-05-28 16:18:20,603 INFO - root - Entering main()
2014-05-28 22:12:08,405 INFO - root - Initialising application
2014-05-28 22:12:08,468 INFO - root - Initialise global hotkeys
2014-05-28 22:12:08,549 INFO - config-manager - Loading config from existing file: /home/dclong/.config/autokey/autokey.json
2014-05-28 22:12:10,399 INFO - config-manager - Configuration changed - rebuilding in-memory structures
2014-05-28 22:12:10,400 INFO - config-manager - Successfully loaded configuration
2014-05-28 22:12:10,400 INFO - service - Starting service
2014-05-28 22:12:10,712 INFO - interface - XRecord interface thread starting
2014-05-28 22:12:10,713 INFO - service - Service now marked as running
2014-05-28 22:12:11,210 INFO - root - Entering main()
2014-05-29 20:19:48,679 INFO - root - Initialising application
2014-05-29 20:19:48,794 INFO - root - Initialise global hotkeys
2014-05-29 20:19:48,842 INFO - config-manager - Loading config from existing file: /home/dclong/.config/autokey/autokey.json
2014-05-29 20:19:50,603 INFO - config-manager - Configuration changed - rebuilding in-memory structures
2014-05-29 20:19:50,604 INFO - config-manager - Successfully loaded configuration
2014-05-29 20:19:50,604 INFO - service - Starting service
2014-05-29 20:19:51,068 INFO - interface - XRecord interface thread starting
2014-05-29 20:19:51,069 INFO - service - Service now marked as running
2014-05-29 20:19:52,637 INFO - root - Entering main()
2014-05-30 18:37:17,370 INFO - root - Initialising application
2014-05-30 18:37:17,615 INFO - root - Initialise global hotkeys
2014-05-30 18:37:17,796 INFO - config-manager - Loading config from existing file: /home/dclong/.config/autokey/autokey.json
2014-05-30 18:37:19,579 INFO - config-manager - Configuration changed - rebuilding in-memory structures
2014-05-30 18:37:19,580 INFO - config-manager - Successfully loaded configuration
2014-05-30 18:37:19,581 INFO - service - Starting service
2014-05-30 18:37:19,879 INFO - interface - XRecord interface thread starting
2014-05-30 18:37:19,880 INFO - service - Service now marked as running
2014-05-30 18:37:20,178 INFO - root - Entering main()
2014-05-31 10:30:15,955 INFO - root - Initialising application
2014-05-31 10:30:16,219 INFO - root - Initialise global hotkeys
2014-05-31 10:30:16,313 INFO - config-manager - Loading config from existing file: /home/dclong/.config/autokey/autokey.json
2014-05-31 10:30:17,907 INFO - config-manager - Configuration changed - rebuilding in-memory structures
2014-05-31 10:30:17,908 INFO - config-manager - Successfully loaded configuration
2014-05-31 10:30:17,909 INFO - service - Starting service
2014-05-31 10:30:18,087 INFO - interface - XRecord interface thread starting
2014-05-31 10:30:18,089 INFO - service - Service now marked as running
2014-05-31 10:30:18,551 INFO - root - Entering main()
2014-06-01 02:36:57,493 INFO - root - Initialising application
2014-06-01 02:36:57,640 INFO - root - Initialise global hotkeys
2014-06-01 02:36:57,699 INFO - config-manager - Loading config from existing file: /home/dclong/.config/autokey/autokey.json
2014-06-01 02:36:59,416 INFO - config-manager - Configuration changed - rebuilding in-memory structures
2014-06-01 02:36:59,417 INFO - config-manager - Successfully loaded configuration
2014-06-01 02:36:59,417 INFO - service - Starting service
2014-06-01 02:36:59,595 INFO - interface - XRecord interface thread starting
2014-06-01 02:36:59,596 INFO - service - Service now marked as running
2014-06-01 02:37:00,048 INFO - root - Entering main()
